{
  "/Users/kelvinesegbona/Documents/Software dev works/Epicmail/Epic-mail-react-app/src/components/Button/index.js": {
    "path": "/Users/kelvinesegbona/Documents/Software dev works/Epicmail/Epic-mail-react-app/src/components/Button/index.js",
    "statementMap": {
      "0": { "start": { "line": 4, "column": 15 }, "end": { "line": 10, "column": 1 } },
      "1": { "start": { "line": 5, "column": 2 }, "end": { "line": 9, "column": 4 } }
    },
    "fnMap": {
      "0": {
        "name": "(anonymous_0)",
        "decl": { "start": { "line": 4, "column": 15 }, "end": { "line": 4, "column": 16 } },
        "loc": { "start": { "line": 4, "column": 65 }, "end": { "line": 10, "column": 1 } },
        "line": 4
      }
    },
    "branchMap": {
      "0": {
        "loc": { "start": { "line": 6, "column": 72 }, "end": { "line": 6, "column": 85 } },
        "type": "binary-expr",
        "locations": [
          { "start": { "line": 6, "column": 72 }, "end": { "line": 6, "column": 79 } },
          { "start": { "line": 6, "column": 83 }, "end": { "line": 6, "column": 85 } }
        ],
        "line": 6
      },
      "1": {
        "loc": { "start": { "line": 7, "column": 7 }, "end": { "line": 7, "column": 45 } },
        "type": "cond-expr",
        "locations": [
          { "start": { "line": 7, "column": 22 }, "end": { "line": 7, "column": 34 } },
          { "start": { "line": 7, "column": 37 }, "end": { "line": 7, "column": 45 } }
        ],
        "line": 7
      }
    },
    "s": { "0": 1, "1": 2 },
    "f": { "0": 2 },
    "b": { "0": [2, 2], "1": [0, 2] },
    "_coverageSchema": "43e27e138ebf9cfc5966b082cf9a028302ed4184",
    "hash": "a452be990c253d255323d61f700f2a4286e34b62"
  }
}
